[debug] [2026-07-14T04:06:39.649Z] ----------------------------------------------------------------------
[debug] [2026-07-14T04:06:39.650Z] Command:       C:\Program Files\nodejs\node.exe C:\Users\maxre\AppData\Local\npm-cache\_npx\ba4f1959e38407b5\node_modules\firebase-tools\lib\bin\firebase.js deploy --only apphosting
[debug] [2026-07-14T04:06:39.650Z] CLI Version:   15.23.0
[debug] [2026-07-14T04:06:39.650Z] Platform:      win32
[debug] [2026-07-14T04:06:39.650Z] Node Version:  v26.3.0
[debug] [2026-07-14T04:06:39.650Z] Detected Agent: github_copilot_vscode_agent
[debug] [2026-07-14T04:06:39.650Z] Time:          Mon Jul 13 2026 23:06:39 GMT-0500 (Central Daylight Time)
[debug] [2026-07-14T04:06:39.650Z] ----------------------------------------------------------------------
[debug] 
[debug] [2026-07-14T04:06:40.340Z] > command requires scopes: ["email","openid","https://www.googleapis.com/auth/cloudplatformprojects.readonly","https://www.googleapis.com/auth/firebase","https://www.googleapis.com/auth/cloud-platform"]
[debug] [2026-07-14T04:06:40.340Z] > authorizing via signed-in user (maxrena@gmail.com)
[debug] [2026-07-14T04:06:40.340Z] [iam] checking project rental-site-38a42 for permissions ["firebase.projects.get"]
[debug] [2026-07-14T04:06:40.347Z] Checked if tokens are valid: true, expires at: 1784003739567
[debug] [2026-07-14T04:06:40.347Z] Checked if tokens are valid: true, expires at: 1784003739567
[debug] [2026-07-14T04:06:40.348Z] >>> [apiv2][query] POST https://cloudresourcemanager.googleapis.com/v1/projects/rental-site-38a42:testIamPermissions [none]
[debug] [2026-07-14T04:06:40.348Z] >>> [apiv2][(partial)header] POST https://cloudresourcemanager.googleapis.com/v1/projects/rental-site-38a42:testIamPermissions  x-goog-user-project=rental-site-38a42
[debug] [2026-07-14T04:06:40.348Z] >>> [apiv2][body] POST https://cloudresourcemanager.googleapis.com/v1/projects/rental-site-38a42:testIamPermissions {"permissions":["firebase.projects.get"]}
[debug] [2026-07-14T04:06:40.626Z] <<< [apiv2][status] POST https://cloudresourcemanager.googleapis.com/v1/projects/rental-site-38a42:testIamPermissions 200
[debug] [2026-07-14T04:06:40.627Z] <<< [apiv2][body] POST https://cloudresourcemanager.googleapis.com/v1/projects/rental-site-38a42:testIamPermissions {"permissions":["firebase.projects.get"]}
[info] 
[info] === Deploying to 'rental-site-38a42'...
[info] 
[info] i  deploying apphosting 
[debug] [2026-07-14T04:06:40.629Z] Checked if tokens are valid: true, expires at: 1784003739567
[debug] [2026-07-14T04:06:40.629Z] Checked if tokens are valid: true, expires at: 1784003739567
[debug] [2026-07-14T04:06:40.629Z] >>> [apiv2][query] POST https://iam.googleapis.com/v1/projects/rental-site-38a42/serviceAccounts/firebase-app-hosting-compute@rental-site-38a42.iam.gserviceaccount.com:testIamPermissions [none]
[debug] [2026-07-14T04:06:40.629Z] >>> [apiv2][(partial)header] POST https://iam.googleapis.com/v1/projects/rental-site-38a42/serviceAccounts/firebase-app-hosting-compute@rental-site-38a42.iam.gserviceaccount.com:testIamPermissions  x-goog-user-project=rental-site-38a42
[debug] [2026-07-14T04:06:40.629Z] >>> [apiv2][body] POST https://iam.googleapis.com/v1/projects/rental-site-38a42/serviceAccounts/firebase-app-hosting-compute@rental-site-38a42.iam.gserviceaccount.com:testIamPermissions {"permissions":["iam.serviceAccounts.actAs"]}
[debug] [2026-07-14T04:06:40.827Z] <<< [apiv2][status] POST https://iam.googleapis.com/v1/projects/rental-site-38a42/serviceAccounts/firebase-app-hosting-compute@rental-site-38a42.iam.gserviceaccount.com:testIamPermissions 200
[debug] [2026-07-14T04:06:40.827Z] <<< [apiv2][body] POST https://iam.googleapis.com/v1/projects/rental-site-38a42/serviceAccounts/firebase-app-hosting-compute@rental-site-38a42.iam.gserviceaccount.com:testIamPermissions {"permissions":["iam.serviceAccounts.actAs"]}
[debug] [2026-07-14T04:06:40.827Z] Checked if tokens are valid: true, expires at: 1784003739567
[debug] [2026-07-14T04:06:40.827Z] Checked if tokens are valid: true, expires at: 1784003739567
[debug] [2026-07-14T04:06:40.827Z] >>> [apiv2][query] POST https://iam.googleapis.com/v1/projects/rental-site-38a42/serviceAccounts [none]
[debug] [2026-07-14T04:06:40.827Z] >>> [apiv2][body] POST https://iam.googleapis.com/v1/projects/rental-site-38a42/serviceAccounts {"accountId":"firebase-app-hosting-compute","serviceAccount":{"displayName":"Firebase App Hosting compute service account","description":"Default service account used to run builds and deploys for Firebase App Hosting"}}
[debug] [2026-07-14T04:06:41.215Z] <<< [apiv2][status] POST https://iam.googleapis.com/v1/projects/rental-site-38a42/serviceAccounts 409
[debug] [2026-07-14T04:06:41.215Z] <<< [apiv2][body] POST https://iam.googleapis.com/v1/projects/rental-site-38a42/serviceAccounts [omitted]
[debug] [2026-07-14T04:06:41.215Z] Checked if tokens are valid: true, expires at: 1784003739567
[debug] [2026-07-14T04:06:41.215Z] Checked if tokens are valid: true, expires at: 1784003739567
[debug] [2026-07-14T04:06:41.215Z] >>> [apiv2][query] POST https://cloudresourcemanager.googleapis.com/v1/projects/rental-site-38a42:getIamPolicy [none]
[debug] [2026-07-14T04:06:41.376Z] <<< [apiv2][status] POST https://cloudresourcemanager.googleapis.com/v1/projects/rental-site-38a42:getIamPolicy 200
[debug] [2026-07-14T04:06:41.377Z] <<< [apiv2][body] POST https://cloudresourcemanager.googleapis.com/v1/projects/rental-site-38a42:getIamPolicy {"version":1,"etag":"BwZWih+HJ9c=","bindings":[{"role":"roles/artifactregistry.serviceAgent","members":["serviceAccount:service-1050437953969@gcp-sa-artifactregistry.iam.gserviceaccount.com"]},{"role":"roles/cloudbuild.builds.builder","members":["serviceAccount:1050437953969@cloudbuild.gserviceaccount.com"]},{"role":"roles/cloudbuild.serviceAgent","members":["serviceAccount:service-1050437953969@gcp-sa-cloudbuild.iam.gserviceaccount.com"]},{"role":"roles/containerregistry.ServiceAgent","members":["serviceAccount:service-1050437953969@containerregistry.iam.gserviceaccount.com"]},{"role":"roles/developerconnect.readTokenAccessor","members":["serviceAccount:firebase-app-hosting-compute@rental-site-38a42.iam.gserviceaccount.com"]},{"role":"roles/editor","members":["serviceAccount:1050437953969-compute@developer.gserviceaccount.com"]},{"role":"roles/firebase.managementServiceAgent","members":["serviceAccount:service-1050437953969@gcp-sa-firebase.iam.gserviceaccount.com"]},{"role":"roles/firebase.sdkAdminServiceAgent","members":["serviceAccount:firebase-adminsdk-fbsvc@rental-site-38a42.iam.gserviceaccount.com","serviceAccount:firebase-app-hosting-compute@rental-site-38a42.iam.gserviceaccount.com"]},{"role":"roles/firebaseapphosting.computeRunner","members":["serviceAccount:firebase-app-hosting-compute@rental-site-38a42.iam.gserviceaccount.com"]},{"role":"roles/firebaseapphosting.serviceAgent","members":["serviceAccount:service-1050437953969@gcp-sa-firebaseapphosting.iam.gserviceaccount.com"]},{"role":"roles/iam.serviceAccountTokenCreator","members":["serviceAccount:firebase-adminsdk-fbsvc@rental-site-38a42.iam.gserviceaccount.com"]},{"role":"roles/owner","members":["user:maxrena@gmail.com"]},{"role":"roles/run.serviceAgent","members":["serviceAccount:service-1050437953969@serverless-robot-prod.iam.gserviceaccount.com"]},{"role":"roles/storage.objectViewer","members":["serviceAccount:firebase-app-hosting-compute@rental-site-38a42.iam.gserviceaccount.com"]}]}
[debug] [2026-07-14T04:06:41.377Z] Checked if tokens are valid: true, expires at: 1784003739567
[debug] [2026-07-14T04:06:41.377Z] Checked if tokens are valid: true, expires at: 1784003739567
[debug] [2026-07-14T04:06:41.377Z] >>> [apiv2][query] POST https://cloudresourcemanager.googleapis.com/v1/projects/rental-site-38a42:setIamPolicy [none]
[debug] [2026-07-14T04:06:41.377Z] >>> [apiv2][body] POST https://cloudresourcemanager.googleapis.com/v1/projects/rental-site-38a42:setIamPolicy {"policy":{"version":1,"etag":"BwZWih+HJ9c=","bindings":[{"role":"roles/artifactregistry.serviceAgent","members":["serviceAccount:service-1050437953969@gcp-sa-artifactregistry.iam.gserviceaccount.com"]},{"role":"roles/cloudbuild.builds.builder","members":["serviceAccount:1050437953969@cloudbuild.gserviceaccount.com"]},{"role":"roles/cloudbuild.serviceAgent","members":["serviceAccount:service-1050437953969@gcp-sa-cloudbuild.iam.gserviceaccount.com"]},{"role":"roles/containerregistry.ServiceAgent","members":["serviceAccount:service-1050437953969@containerregistry.iam.gserviceaccount.com"]},{"role":"roles/developerconnect.readTokenAccessor","members":["serviceAccount:firebase-app-hosting-compute@rental-site-38a42.iam.gserviceaccount.com"]},{"role":"roles/editor","members":["serviceAccount:1050437953969-compute@developer.gserviceaccount.com"]},{"role":"roles/firebase.managementServiceAgent","members":["serviceAccount:service-1050437953969@gcp-sa-firebase.iam.gserviceaccount.com"]},{"role":"roles/firebase.sdkAdminServiceAgent","members":["serviceAccount:firebase-adminsdk-fbsvc@rental-site-38a42.iam.gserviceaccount.com","serviceAccount:firebase-app-hosting-compute@rental-site-38a42.iam.gserviceaccount.com"]},{"role":"roles/firebaseapphosting.computeRunner","members":["serviceAccount:firebase-app-hosting-compute@rental-site-38a42.iam.gserviceaccount.com"]},{"role":"roles/firebaseapphosting.serviceAgent","members":["serviceAccount:service-1050437953969@gcp-sa-firebaseapphosting.iam.gserviceaccount.com"]},{"role":"roles/iam.serviceAccountTokenCreator","members":["serviceAccount:firebase-adminsdk-fbsvc@rental-site-38a42.iam.gserviceaccount.com"]},{"role":"roles/owner","members":["user:maxrena@gmail.com"]},{"role":"roles/run.serviceAgent","members":["serviceAccount:service-1050437953969@serverless-robot-prod.iam.gserviceaccount.com"]},{"role":"roles/storage.objectViewer","members":["serviceAccount:firebase-app-hosting-compute@rental-site-38a42.iam.gserviceaccount.com"]}]},"updateMask":"bindings"}
[debug] [2026-07-14T04:06:42.487Z] <<< [apiv2][status] POST https://cloudresourcemanager.googleapis.com/v1/projects/rental-site-38a42:setIamPolicy 200
[debug] [2026-07-14T04:06:42.487Z] <<< [apiv2][body] POST https://cloudresourcemanager.googleapis.com/v1/projects/rental-site-38a42:setIamPolicy {"version":1,"etag":"BwZWilRksLM=","bindings":[{"role":"roles/artifactregistry.serviceAgent","members":["serviceAccount:service-1050437953969@gcp-sa-artifactregistry.iam.gserviceaccount.com"]},{"role":"roles/cloudbuild.builds.builder","members":["serviceAccount:1050437953969@cloudbuild.gserviceaccount.com"]},{"role":"roles/cloudbuild.serviceAgent","members":["serviceAccount:service-1050437953969@gcp-sa-cloudbuild.iam.gserviceaccount.com"]},{"role":"roles/containerregistry.ServiceAgent","members":["serviceAccount:service-1050437953969@containerregistry.iam.gserviceaccount.com"]},{"role":"roles/developerconnect.readTokenAccessor","members":["serviceAccount:firebase-app-hosting-compute@rental-site-38a42.iam.gserviceaccount.com"]},{"role":"roles/editor","members":["serviceAccount:1050437953969-compute@developer.gserviceaccount.com"]},{"role":"roles/firebase.managementServiceAgent","members":["serviceAccount:service-1050437953969@gcp-sa-firebase.iam.gserviceaccount.com"]},{"role":"roles/firebase.sdkAdminServiceAgent","members":["serviceAccount:firebase-adminsdk-fbsvc@rental-site-38a42.iam.gserviceaccount.com","serviceAccount:firebase-app-hosting-compute@rental-site-38a42.iam.gserviceaccount.com"]},{"role":"roles/firebaseapphosting.computeRunner","members":["serviceAccount:firebase-app-hosting-compute@rental-site-38a42.iam.gserviceaccount.com"]},{"role":"roles/firebaseapphosting.serviceAgent","members":["serviceAccount:service-1050437953969@gcp-sa-firebaseapphosting.iam.gserviceaccount.com"]},{"role":"roles/iam.serviceAccountTokenCreator","members":["serviceAccount:firebase-adminsdk-fbsvc@rental-site-38a42.iam.gserviceaccount.com"]},{"role":"roles/owner","members":["user:maxrena@gmail.com"]},{"role":"roles/run.serviceAgent","members":["serviceAccount:service-1050437953969@serverless-robot-prod.iam.gserviceaccount.com"]},{"role":"roles/storage.objectViewer","members":["serviceAccount:firebase-app-hosting-compute@rental-site-38a42.iam.gserviceaccount.com"]}]}
[debug] [2026-07-14T04:06:42.487Z] Checked if tokens are valid: true, expires at: 1784003739567
[debug] [2026-07-14T04:06:42.487Z] Checked if tokens are valid: true, expires at: 1784003739567
[debug] [2026-07-14T04:06:42.487Z] >>> [apiv2][query] GET https://firebaseapphosting.googleapis.com/v1beta/projects/rental-site-38a42/locations/-/backends 
[debug] [2026-07-14T04:06:42.894Z] <<< [apiv2][status] GET https://firebaseapphosting.googleapis.com/v1beta/projects/rental-site-38a42/locations/-/backends 200
[debug] [2026-07-14T04:06:42.894Z] <<< [apiv2][body] GET https://firebaseapphosting.googleapis.com/v1beta/projects/rental-site-38a42/locations/-/backends {"backends":[{"name":"projects/rental-site-38a42/locations/us-central1/backends/rental-site-backend","createTime":"2026-07-14T03:47:41.970979797Z","updateTime":"2026-07-14T03:56:14.750128Z","labels":{"deployment-tool":"cli-firebase"},"uri":"rental-site-backend--rental-site-38a42.us-central1.hosted.app","managedResources":[{"runService":{"service":"projects/1050437953969/locations/us-central1/services/rental-site-backend"}}],"uid":"77652612-7d1b-4b50-94d9-bfbb6a45619f","etag":"7WXhSmegkDB-9GIodg6cMxD8PstCQI4iF7mj2RRAH5s","reconciling":false,"servingLocality":"GLOBAL_ACCESS","serviceAccount":"firebase-app-hosting-compute@rental-site-38a42.iam.gserviceaccount.com","appId":"1:1050437953969:web:5c0942b5c886e6516f3590","runtime":{"value":"nodejs"}}]}
[info] i  apphosting: Found backend(s) rental-site-backend 
[debug] [2026-07-14T04:06:42.895Z] Checked if tokens are valid: true, expires at: 1784003739567
[debug] [2026-07-14T04:06:42.895Z] Checked if tokens are valid: true, expires at: 1784003739567
[debug] [2026-07-14T04:06:42.895Z] >>> [apiv2][query] GET https://cloudresourcemanager.googleapis.com/v1/projects/rental-site-38a42 [none]
[debug] [2026-07-14T04:06:43.003Z] <<< [apiv2][status] GET https://cloudresourcemanager.googleapis.com/v1/projects/rental-site-38a42 200
[debug] [2026-07-14T04:06:43.003Z] <<< [apiv2][body] GET https://cloudresourcemanager.googleapis.com/v1/projects/rental-site-38a42 {"projectNumber":"1050437953969","projectId":"rental-site-38a42","lifecycleState":"ACTIVE","name":"Rental Site","labels":{"firebase":"enabled","firebase-core":"disabled"},"createTime":"2026-07-14T03:31:59.541Z"}
[debug] [2026-07-14T04:06:43.004Z] Checked if tokens are valid: true, expires at: 1784003739567
[debug] [2026-07-14T04:06:43.004Z] Checked if tokens are valid: true, expires at: 1784003739567
[debug] [2026-07-14T04:06:43.004Z] >>> [apiv2][query] GET https://storage.googleapis.com/storage/v1/b?project=rental-site-38a42 
[debug] [2026-07-14T04:06:43.199Z] <<< [apiv2][status] GET https://storage.googleapis.com/storage/v1/b?project=rental-site-38a42 200
[debug] [2026-07-14T04:06:43.199Z] <<< [apiv2][body] GET https://storage.googleapis.com/storage/v1/b?project=rental-site-38a42 {"kind":"storage#buckets","items":[{"kind":"storage#bucket","selfLink":"https://www.googleapis.com/storage/v1/b/firebaseapphosting-sources-1050437953969-us-central1","id":"firebaseapphosting-sources-1050437953969-us-central1","name":"firebaseapphosting-sources-1050437953969-us-central1","projectNumber":"1050437953969","generation":"1784000870538169080","metageneration":"1","location":"US-CENTRAL1","storageClass":"STANDARD","etag":"CAE=","timeCreated":"2026-07-14T03:47:50.756Z","updated":"2026-07-14T03:47:50.756Z","lifecycle":{"rule":[{"action":{"type":"Delete"},"condition":{"age":30}}]},"labels":{"apphosting-source-us-central1":"true"},"softDeletePolicy":{"retentionDurationSeconds":"604800","effectiveTime":"2026-07-14T03:47:50.756Z"},"iamConfiguration":{"bucketPolicyOnly":{"enabled":false},"uniformBucketLevelAccess":{"enabled":false},"publicAccessPrevention":"inherited"},"locationType":"region","satisfiesPZI":true}]}
[info] i  apphosting: Zipped source for backend rental-site-backend 
[info] i  apphosting: Uploading source for backend rental-site-backend... 
[debug] [2026-07-14T04:06:43.232Z] Checked if tokens are valid: true, expires at: 1784003739567
[debug] [2026-07-14T04:06:43.232Z] Checked if tokens are valid: true, expires at: 1784003739567
[debug] [2026-07-14T04:06:43.232Z] >>> [apiv2][query] PUT https://storage.googleapis.com/firebaseapphosting-sources-1050437953969-us-central1/rental-site-backend--33772-IZ6onhG7rmrJ-.zip [none]
[debug] [2026-07-14T04:06:43.232Z] >>> [apiv2][body] PUT https://storage.googleapis.com/firebaseapphosting-sources-1050437953969-us-central1/rental-site-backend--33772-IZ6onhG7rmrJ-.zip [stream]
[debug] [2026-07-14T04:06:43.416Z] <<< [apiv2][status] PUT https://storage.googleapis.com/firebaseapphosting-sources-1050437953969-us-central1/rental-site-backend--33772-IZ6onhG7rmrJ-.zip 200
[debug] [2026-07-14T04:06:43.417Z] <<< [apiv2][body] PUT https://storage.googleapis.com/firebaseapphosting-sources-1050437953969-us-central1/rental-site-backend--33772-IZ6onhG7rmrJ-.zip undefined
[info] i  apphosting: Uploaded at gs://firebaseapphosting-sources-1050437953969-us-central1/rental-site-backend--33772-IZ6onhG7rmrJ-.zip 
[debug] [2026-07-14T04:06:43.417Z] Checked if tokens are valid: true, expires at: 1784003739567
[debug] [2026-07-14T04:06:43.417Z] Checked if tokens are valid: true, expires at: 1784003739567
[debug] [2026-07-14T04:06:43.417Z] Checked if tokens are valid: true, expires at: 1784003739567
[debug] [2026-07-14T04:06:43.417Z] Checked if tokens are valid: true, expires at: 1784003739567
[info] i  apphosting: You may also track the rollout(s) at:
	https://console.firebase.google.com/project/rental-site-38a42/apphosting 
[debug] [2026-07-14T04:06:43.419Z] >>> [apiv2][query] GET https://firebaseapphosting.googleapis.com/v1beta/projects/rental-site-38a42/locations/us-central1/backends/rental-site-backend/rollouts 
[debug] [2026-07-14T04:06:43.420Z] >>> [apiv2][query] GET https://firebaseapphosting.googleapis.com/v1beta/projects/rental-site-38a42/locations/us-central1/backends/rental-site-backend/builds 
[debug] [2026-07-14T04:06:43.605Z] <<< [apiv2][status] GET https://firebaseapphosting.googleapis.com/v1beta/projects/rental-site-38a42/locations/us-central1/backends/rental-site-backend/rollouts 200
[debug] [2026-07-14T04:06:43.605Z] <<< [apiv2][body] GET https://firebaseapphosting.googleapis.com/v1beta/projects/rental-site-38a42/locations/us-central1/backends/rental-site-backend/rollouts {"rollouts":[{"name":"projects/rental-site-38a42/locations/us-central1/backends/rental-site-backend/rollouts/build-2026-07-14-001","createTime":"2026-07-14T03:47:51.698079074Z","updateTime":"2026-07-14T03:51:14.645303Z","state":"SUCCEEDED","build":"projects/rental-site-38a42/locations/us-central1/backends/rental-site-backend/builds/build-2026-07-14-001","labels":{"deployment-tool":"cli-firebase"},"uid":"1e7dc42c-0bbc-486e-98bf-9a03e0cff46a","etag":"Q0qTE1jdj70xRzR5Ld8WBi1NUPeXkIl92b1d8hteKEM","reconciling":false},{"name":"projects/rental-site-38a42/locations/us-central1/backends/rental-site-backend/rollouts/build-2026-07-14-002","createTime":"2026-07-14T03:51:36.163027476Z","updateTime":"2026-07-14T03:56:20.216862Z","state":"SUCCEEDED","build":"projects/rental-site-38a42/locations/us-central1/backends/rental-site-backend/builds/build-2026-07-14-002","labels":{"deployment-tool":"cli-firebase"},"uid":"3c1387bb-f481-4829-9d23-57742edb0f1a","etag":"AL_OQhRxOtsh8Wb5qg8jHGfc7whmDPDhBnnWhaM__No","reconciling":false}]}
[debug] [2026-07-14T04:06:43.634Z] <<< [apiv2][status] GET https://firebaseapphosting.googleapis.com/v1beta/projects/rental-site-38a42/locations/us-central1/backends/rental-site-backend/builds 200
[debug] [2026-07-14T04:06:43.634Z] <<< [apiv2][body] GET https://firebaseapphosting.googleapis.com/v1beta/projects/rental-site-38a42/locations/us-central1/backends/rental-site-backend/builds {"builds":[{"name":"projects/rental-site-38a42/locations/us-central1/backends/rental-site-backend/builds/build-2026-07-14-001","state":"READY","image":"us-central1-docker.pkg.dev/rental-site-38a42/firebaseapphosting-images/rental-site-backend:build-2026-07-14-001","config":{"runConfig":{"cpu":1,"memoryMib":512,"concurrency":80,"maxInstances":100},"env":[{"variable":"FIREBASE_CONFIG","value":"{\"databaseURL\":\"\",\"projectId\":\"rental-site-38a42\",\"storageBucket\":\"rental-site-38a42.firebasestorage.app\"}","availability":["BUILD","RUNTIME"]},{"variable":"FIREBASE_WEBAPP_CONFIG","value":"{\"apiKey\":\"AIzaSyBP5C17Pr3hKAgfszKVpUiup-tRZ9eXF3s\",\"appId\":\"1:1050437953969:web:5c0942b5c886e6516f3590\",\"authDomain\":\"rental-site-38a42.firebaseapp.com\",\"databaseURL\":\"\",\"messagingSenderId\":\"1050437953969\",\"projectId\":\"rental-site-38a42\",\"storageBucket\":\"rental-site-38a42.firebasestorage.app\"}","availability":["BUILD"]},{"variable":"NG_TRUST_PROXY_HEADERS","value":"X-Forwarded-Host","availability":["RUNTIME"]},{"variable":"NG_ALLOWED_HOSTS","value":"rental-site-backend-1050437953969.us-central1.run.app,rental-site-backend--rental-site-38a42.us-central1.hosted.app","availability":["RUNTIME"]}],"effectiveEnv":[{"variable":"FIREBASE_CONFIG","value":"{\"databaseURL\":\"\",\"projectId\":\"rental-site-38a42\",\"storageBucket\":\"rental-site-38a42.firebasestorage.app\"}","availability":["BUILD","RUNTIME"],"origin":"FIREBASE_SYSTEM"},{"variable":"FIREBASE_WEBAPP_CONFIG","value":"{\"apiKey\":\"AIzaSyBP5C17Pr3hKAgfszKVpUiup-tRZ9eXF3s\",\"appId\":\"1:1050437953969:web:5c0942b5c886e6516f3590\",\"authDomain\":\"rental-site-38a42.firebaseapp.com\",\"databaseURL\":\"\",\"messagingSenderId\":\"1050437953969\",\"projectId\":\"rental-site-38a42\",\"storageBucket\":\"rental-site-38a42.firebasestorage.app\"}","availability":["BUILD"],"origin":"FIREBASE_SYSTEM"},{"variable":"NG_TRUST_PROXY_HEADERS","value":"X-Forwarded-Host","availability":["RUNTIME"],"origin":"FIREBASE_SYSTEM"},{"variable":"NG_ALLOWED_HOSTS","value":"rental-site-backend-1050437953969.us-central1.run.app,rental-site-backend--rental-site-38a42.us-central1.hosted.app","availability":["RUNTIME"],"origin":"FIREBASE_SYSTEM"}]},"source":{"archive":{"rootDirectory":"/","userStorageUri":"gs://firebaseapphosting-sources-1050437953969-us-central1/rental-site-backend--28572-4y53piMcNNzR-.zip"}},"buildLogsUri":"https://console.cloud.google.com/cloud-build/builds;region=us-central1/48a264b3-80bb-4360-8822-db2ef9f626f1?project=1050437953969","createTime":"2026-07-14T03:47:51.365988017Z","updateTime":"2026-07-14T03:51:13.916748Z","labels":{"deployment-tool":"cli-firebase"},"uid":"f82dd6ce-3185-4354-b8a5-c492c0877a57","etag":"o6iacDeRBVP5ep5lKfo6oeftxPX5fjeKXlCDs_1wxyk","reconciling":false},{"name":"projects/rental-site-38a42/locations/us-central1/backends/rental-site-backend/builds/build-2026-07-14-002","state":"READY","image":"us-central1-docker.pkg.dev/rental-site-38a42/firebaseapphosting-images/rental-site-backend:build-2026-07-14-002","config":{"runConfig":{"cpu":1,"memoryMib":512,"concurrency":80,"maxInstances":100},"env":[{"variable":"FIREBASE_CONFIG","value":"{\"databaseURL\":\"\",\"projectId\":\"rental-site-38a42\",\"storageBucket\":\"rental-site-38a42.firebasestorage.app\"}","availability":["BUILD","RUNTIME"]},{"variable":"FIREBASE_WEBAPP_CONFIG","value":"{\"apiKey\":\"AIzaSyBP5C17Pr3hKAgfszKVpUiup-tRZ9eXF3s\",\"appId\":\"1:1050437953969:web:5c0942b5c886e6516f3590\",\"authDomain\":\"rental-site-38a42.firebaseapp.com\",\"databaseURL\":\"\",\"messagingSenderId\":\"1050437953969\",\"projectId\":\"rental-site-38a42\",\"storageBucket\":\"rental-site-38a42.firebasestorage.app\"}","availability":["BUILD"]},{"variable":"NG_TRUST_PROXY_HEADERS","value":"X-Forwarded-Host","availability":["RUNTIME"]},{"variable":"NG_ALLOWED_HOSTS","value":"rental-site-backend-1050437953969.us-central1.run.app,rental-site-backend-rdrajoqsvq-uc.a.run.app,t-521927247---rental-site-backend-rdrajoqsvq-uc.a.run.app,rental-site-backend--rental-site-38a42.us-central1.hosted.app","availability":["RUNTIME"]}],"effectiveEnv":[{"variable":"FIREBASE_CONFIG","value":"{\"databaseURL\":\"\",\"projectId\":\"rental-site-38a42\",\"storageBucket\":\"rental-site-38a42.firebasestorage.app\"}","availability":["BUILD","RUNTIME"],"origin":"FIREBASE_SYSTEM"},{"variable":"FIREBASE_WEBAPP_CONFIG","value":"{\"apiKey\":\"AIzaSyBP5C17Pr3hKAgfszKVpUiup-tRZ9eXF3s\",\"appId\":\"1:1050437953969:web:5c0942b5c886e6516f3590\",\"authDomain\":\"rental-site-38a42.firebaseapp.com\",\"databaseURL\":\"\",\"messagingSenderId\":\"1050437953969\",\"projectId\":\"rental-site-38a42\",\"storageBucket\":\"rental-site-38a42.firebasestorage.app\"}","availability":["BUILD"],"origin":"FIREBASE_SYSTEM"},{"variable":"NG_TRUST_PROXY_HEADERS","value":"X-Forwarded-Host","availability":["RUNTIME"],"origin":"FIREBASE_SYSTEM"},{"variable":"NG_ALLOWED_HOSTS","value":"rental-site-backend-1050437953969.us-central1.run.app,rental-site-backend-rdrajoqsvq-uc.a.run.app,t-521927247---rental-site-backend-rdrajoqsvq-uc.a.run.app,rental-site-backend--rental-site-38a42.us-central1.hosted.app","availability":["RUNTIME"],"origin":"FIREBASE_SYSTEM"}]},"source":{"archive":{"rootDirectory":"/","userStorageUri":"gs://firebaseapphosting-sources-1050437953969-us-central1/rental-site-backend--29412-wSuCiPj09VZ3-.zip"}},"buildLogsUri":"https://console.cloud.google.com/cloud-build/builds;region=us-central1/2be82ae1-17e1-4eb4-9ebb-29857f72b17f?project=1050437953969","createTime":"2026-07-14T03:51:35.862790184Z","updateTime":"2026-07-14T03:53:57.579673Z","labels":{"deployment-tool":"cli-firebase"},"uid":"ef8b40be-c030-4196-b3e6-a1a89ed1a7b8","etag":"anSusVPNBO81otGchZAfut9Gs_fLwhy56lesA1BPfqU","reconciling":false}]}
[debug] [2026-07-14T04:06:43.634Z] Checked if tokens are valid: true, expires at: 1784003739567
[debug] [2026-07-14T04:06:43.634Z] Checked if tokens are valid: true, expires at: 1784003739567
[debug] [2026-07-14T04:06:43.634Z] >>> [apiv2][query] POST https://firebaseapphosting.googleapis.com/v1beta/projects/rental-site-38a42/locations/us-central1/backends/rental-site-backend/builds buildId=build-2026-07-14-003
[debug] [2026-07-14T04:06:43.634Z] >>> [apiv2][body] POST https://firebaseapphosting.googleapis.com/v1beta/projects/rental-site-38a42/locations/us-central1/backends/rental-site-backend/builds {"source":{"archive":{"userStorageUri":"gs://firebaseapphosting-sources-1050437953969-us-central1/rental-site-backend--33772-IZ6onhG7rmrJ-.zip","rootDirectory":"/"}},"labels":{"deployment-tool":"cli-firebase"}}
[debug] [2026-07-14T04:06:43.825Z] <<< [apiv2][status] POST https://firebaseapphosting.googleapis.com/v1beta/projects/rental-site-38a42/locations/us-central1/backends/rental-site-backend/builds 200
[debug] [2026-07-14T04:06:43.825Z] <<< [apiv2][body] POST https://firebaseapphosting.googleapis.com/v1beta/projects/rental-site-38a42/locations/us-central1/backends/rental-site-backend/builds {"name":"projects/rental-site-38a42/locations/us-central1/operations/operation-1784001982931-6568a5478a3f8-0bd638ec-f3ee801f","metadata":{"@type":"type.googleapis.com/google.firebase.apphosting.v1beta.OperationMetadata","createTime":"2026-07-14T04:06:22.978317684Z","target":"projects/rental-site-38a42/locations/us-central1/backends/rental-site-backend/builds/build-2026-07-14-003","verb":"create","requestedCancellation":false,"apiVersion":"v1beta"},"done":false}
[debug] [2026-07-14T04:06:43.825Z] Checked if tokens are valid: true, expires at: 1784003739567
[debug] [2026-07-14T04:06:43.825Z] Checked if tokens are valid: true, expires at: 1784003739567
[debug] [2026-07-14T04:06:43.825Z] >>> [apiv2][query] POST https://firebaseapphosting.googleapis.com/v1beta/projects/rental-site-38a42/locations/us-central1/backends/rental-site-backend/rollouts rolloutId=build-2026-07-14-003&validateOnly=true
[debug] [2026-07-14T04:06:43.825Z] >>> [apiv2][body] POST https://firebaseapphosting.googleapis.com/v1beta/projects/rental-site-38a42/locations/us-central1/backends/rental-site-backend/rollouts {"build":"projects/rental-site-38a42/locations/us-central1/backends/rental-site-backend/builds/build-2026-07-14-003","labels":{"deployment-tool":"cli-firebase"}}
[debug] [2026-07-14T04:06:43.974Z] <<< [apiv2][status] POST https://firebaseapphosting.googleapis.com/v1beta/projects/rental-site-38a42/locations/us-central1/backends/rental-site-backend/rollouts 200
[debug] [2026-07-14T04:06:43.974Z] <<< [apiv2][body] POST https://firebaseapphosting.googleapis.com/v1beta/projects/rental-site-38a42/locations/us-central1/backends/rental-site-backend/rollouts {"name":"","metadata":{},"done":true}
[debug] [2026-07-14T04:06:43.974Z] Checked if tokens are valid: true, expires at: 1784003739567
[debug] [2026-07-14T04:06:43.974Z] Checked if tokens are valid: true, expires at: 1784003739567
[debug] [2026-07-14T04:06:43.974Z] >>> [apiv2][query] POST https://firebaseapphosting.googleapis.com/v1beta/projects/rental-site-38a42/locations/us-central1/backends/rental-site-backend/rollouts rolloutId=build-2026-07-14-003&validateOnly=false
[debug] [2026-07-14T04:06:43.974Z] >>> [apiv2][body] POST https://firebaseapphosting.googleapis.com/v1beta/projects/rental-site-38a42/locations/us-central1/backends/rental-site-backend/rollouts {"build":"projects/rental-site-38a42/locations/us-central1/backends/rental-site-backend/builds/build-2026-07-14-003","labels":{"deployment-tool":"cli-firebase"}}
[debug] [2026-07-14T04:06:44.132Z] <<< [apiv2][status] POST https://firebaseapphosting.googleapis.com/v1beta/projects/rental-site-38a42/locations/us-central1/backends/rental-site-backend/rollouts 200
[debug] [2026-07-14T04:06:44.132Z] <<< [apiv2][body] POST https://firebaseapphosting.googleapis.com/v1beta/projects/rental-site-38a42/locations/us-central1/backends/rental-site-backend/rollouts {"name":"projects/rental-site-38a42/locations/us-central1/operations/operation-1784001983272-6568a547dd785-d944f1bc-dfcaac79","metadata":{"@type":"type.googleapis.com/google.firebase.apphosting.v1beta.OperationMetadata","createTime":"2026-07-14T04:06:23.290669261Z","target":"projects/rental-site-38a42/locations/us-central1/backends/rental-site-backend/rollouts/build-2026-07-14-003","verb":"create","requestedCancellation":false,"apiVersion":"v1beta"},"done":false}
[debug] [2026-07-14T04:06:44.133Z] Checked if tokens are valid: true, expires at: 1784003739567
[debug] [2026-07-14T04:06:44.133Z] Checked if tokens are valid: true, expires at: 1784003739567
[debug] [2026-07-14T04:06:44.133Z] Checked if tokens are valid: true, expires at: 1784003739567
[debug] [2026-07-14T04:06:44.133Z] Checked if tokens are valid: true, expires at: 1784003739567
[debug] [2026-07-14T04:06:44.133Z] >>> [apiv2][query] GET https://firebaseapphosting.googleapis.com/v1beta/projects/rental-site-38a42/locations/us-central1/operations/operation-1784001983272-6568a547dd785-d944f1bc-dfcaac79 [none]
[debug] [2026-07-14T04:06:44.134Z] >>> [apiv2][query] GET https://firebaseapphosting.googleapis.com/v1beta/projects/rental-site-38a42/locations/us-central1/operations/operation-1784001982931-6568a5478a3f8-0bd638ec-f3ee801f [none]
[debug] [2026-07-14T04:06:44.215Z] <<< [apiv2][status] GET https://firebaseapphosting.googleapis.com/v1beta/projects/rental-site-38a42/locations/us-central1/operations/operation-1784001983272-6568a547dd785-d944f1bc-dfcaac79 200
[debug] [2026-07-14T04:06:44.215Z] <<< [apiv2][body] GET https://firebaseapphosting.googleapis.com/v1beta/projects/rental-site-38a42/locations/us-central1/operations/operation-1784001983272-6568a547dd785-d944f1bc-dfcaac79 {"name":"projects/rental-site-38a42/locations/us-central1/operations/operation-1784001983272-6568a547dd785-d944f1bc-dfcaac79","metadata":{"@type":"type.googleapis.com/google.firebase.apphosting.v1beta.OperationMetadata","createTime":"2026-07-14T04:06:23.290669261Z","endTime":"2026-07-14T04:06:23.331645757Z","target":"projects/rental-site-38a42/locations/us-central1/backends/rental-site-backend/rollouts/build-2026-07-14-003","verb":"create","requestedCancellation":false,"apiVersion":"v1beta"},"done":true,"response":{"@type":"type.googleapis.com/google.firebase.apphosting.v1beta.Rollout","name":"projects/rental-site-38a42/locations/us-central1/backends/rental-site-backend/rollouts/build-2026-07-14-003","createTime":"2026-07-14T04:06:23.285467752Z","updateTime":"2026-07-14T04:06:23.328713Z","state":"QUEUED","build":"projects/rental-site-38a42/locations/us-central1/backends/rental-site-backend/builds/build-2026-07-14-003","labels":{"deployment-tool":"cli-firebase"},"uid":"5c7070e9-f34a-418f-9d55-d36ad81f01a8","etag":"-eIO51POkztk2_hhsTD90Z47g9TNdz5VaDjyM2pI7lQ","reconciling":false}}
[debug] [2026-07-14T04:06:44.239Z] <<< [apiv2][status] GET https://firebaseapphosting.googleapis.com/v1beta/projects/rental-site-38a42/locations/us-central1/operations/operation-1784001982931-6568a5478a3f8-0bd638ec-f3ee801f 200
[debug] [2026-07-14T04:06:44.239Z] <<< [apiv2][body] GET https://firebaseapphosting.googleapis.com/v1beta/projects/rental-site-38a42/locations/us-central1/operations/operation-1784001982931-6568a5478a3f8-0bd638ec-f3ee801f {"name":"projects/rental-site-38a42/locations/us-central1/operations/operation-1784001982931-6568a5478a3f8-0bd638ec-f3ee801f","metadata":{"@type":"type.googleapis.com/google.firebase.apphosting.v1beta.OperationMetadata","createTime":"2026-07-14T04:06:22.978317684Z","target":"projects/rental-site-38a42/locations/us-central1/backends/rental-site-backend/builds/build-2026-07-14-003","verb":"create","requestedCancellation":false,"apiVersion":"v1beta"},"done":false}
[debug] [2026-07-14T04:06:44.745Z] [create-rental-site-38a42-us-central1-backend-rental-site-backend-build-build-2026-07-14-003] Retrying task index 0
[debug] [2026-07-14T04:06:44.746Z] Checked if tokens are valid: true, expires at: 1784003739567
[debug] [2026-07-14T04:06:44.746Z] Checked if tokens are valid: true, expires at: 1784003739567
[debug] [2026-07-14T04:06:44.746Z] >>> [apiv2][query] GET https://firebaseapphosting.googleapis.com/v1beta/projects/rental-site-38a42/locations/us-central1/operations/operation-1784001982931-6568a5478a3f8-0bd638ec-f3ee801f [none]
[debug] [2026-07-14T04:06:44.863Z] <<< [apiv2][status] GET https://firebaseapphosting.googleapis.com/v1beta/projects/rental-site-38a42/locations/us-central1/operations/operation-1784001982931-6568a5478a3f8-0bd638ec-f3ee801f 200
[debug] [2026-07-14T04:06:44.863Z] <<< [apiv2][body] GET https://firebaseapphosting.googleapis.com/v1beta/projects/rental-site-38a42/locations/us-central1/operations/operation-1784001982931-6568a5478a3f8-0bd638ec-f3ee801f {"name":"projects/rental-site-38a42/locations/us-central1/operations/operation-1784001982931-6568a5478a3f8-0bd638ec-f3ee801f","metadata":{"@type":"type.googleapis.com/google.firebase.apphosting.v1beta.OperationMetadata","createTime":"2026-07-14T04:06:22.978317684Z","target":"projects/rental-site-38a42/locations/us-central1/backends/rental-site-backend/builds/build-2026-07-14-003","verb":"create","requestedCancellation":false,"apiVersion":"v1beta"},"done":false}
[debug] [2026-07-14T04:06:45.866Z] [create-rental-site-38a42-us-central1-backend-rental-site-backend-build-build-2026-07-14-003] Retrying task index 0
[debug] [2026-07-14T04:06:45.866Z] Checked if tokens are valid: true, expires at: 1784003739567
[debug] [2026-07-14T04:06:45.866Z] Checked if tokens are valid: true, expires at: 1784003739567
[debug] [2026-07-14T04:06:45.867Z] >>> [apiv2][query] GET https://firebaseapphosting.googleapis.com/v1beta/projects/rental-site-38a42/locations/us-central1/operations/operation-1784001982931-6568a5478a3f8-0bd638ec-f3ee801f [none]
[debug] [2026-07-14T04:06:45.967Z] <<< [apiv2][status] GET https://firebaseapphosting.googleapis.com/v1beta/projects/rental-site-38a42/locations/us-central1/operations/operation-1784001982931-6568a5478a3f8-0bd638ec-f3ee801f 200
[debug] [2026-07-14T04:06:45.968Z] <<< [apiv2][body] GET https://firebaseapphosting.googleapis.com/v1beta/projects/rental-site-38a42/locations/us-central1/operations/operation-1784001982931-6568a5478a3f8-0bd638ec-f3ee801f {"name":"projects/rental-site-38a42/locations/us-central1/operations/operation-1784001982931-6568a5478a3f8-0bd638ec-f3ee801f","metadata":{"@type":"type.googleapis.com/google.firebase.apphosting.v1beta.OperationMetadata","createTime":"2026-07-14T04:06:22.978317684Z","target":"projects/rental-site-38a42/locations/us-central1/backends/rental-site-backend/builds/build-2026-07-14-003","verb":"create","requestedCancellation":false,"apiVersion":"v1beta"},"done":false}
[debug] [2026-07-14T04:06:47.981Z] [create-rental-site-38a42-us-central1-backend-rental-site-backend-build-build-2026-07-14-003] Retrying task index 0
[debug] [2026-07-14T04:06:47.981Z] Checked if tokens are valid: true, expires at: 1784003739567
[debug] [2026-07-14T04:06:47.981Z] Checked if tokens are valid: true, expires at: 1784003739567
[debug] [2026-07-14T04:06:47.981Z] >>> [apiv2][query] GET https://firebaseapphosting.googleapis.com/v1beta/projects/rental-site-38a42/locations/us-central1/operations/operation-1784001982931-6568a5478a3f8-0bd638ec-f3ee801f [none]
[debug] [2026-07-14T04:06:48.029Z] <<< [apiv2][status] GET https://firebaseapphosting.googleapis.com/v1beta/projects/rental-site-38a42/locations/us-central1/operations/operation-1784001982931-6568a5478a3f8-0bd638ec-f3ee801f 200
[debug] [2026-07-14T04:06:48.029Z] <<< [apiv2][body] GET https://firebaseapphosting.googleapis.com/v1beta/projects/rental-site-38a42/locations/us-central1/operations/operation-1784001982931-6568a5478a3f8-0bd638ec-f3ee801f {"name":"projects/rental-site-38a42/locations/us-central1/operations/operation-1784001982931-6568a5478a3f8-0bd638ec-f3ee801f","metadata":{"@type":"type.googleapis.com/google.firebase.apphosting.v1beta.OperationMetadata","createTime":"2026-07-14T04:06:22.978317684Z","target":"projects/rental-site-38a42/locations/us-central1/backends/rental-site-backend/builds/build-2026-07-14-003","verb":"create","requestedCancellation":false,"apiVersion":"v1beta"},"done":false}
[debug] [2026-07-14T04:06:52.036Z] [create-rental-site-38a42-us-central1-backend-rental-site-backend-build-build-2026-07-14-003] Retrying task index 0
[debug] [2026-07-14T04:06:52.037Z] Checked if tokens are valid: true, expires at: 1784003739567
[debug] [2026-07-14T04:06:52.037Z] Checked if tokens are valid: true, expires at: 1784003739567
[debug] [2026-07-14T04:06:52.037Z] >>> [apiv2][query] GET https://firebaseapphosting.googleapis.com/v1beta/projects/rental-site-38a42/locations/us-central1/operations/operation-1784001982931-6568a5478a3f8-0bd638ec-f3ee801f [none]
[debug] [2026-07-14T04:06:52.139Z] <<< [apiv2][status] GET https://firebaseapphosting.googleapis.com/v1beta/projects/rental-site-38a42/locations/us-central1/operations/operation-1784001982931-6568a5478a3f8-0bd638ec-f3ee801f 200
[debug] [2026-07-14T04:06:52.139Z] <<< [apiv2][body] GET https://firebaseapphosting.googleapis.com/v1beta/projects/rental-site-38a42/locations/us-central1/operations/operation-1784001982931-6568a5478a3f8-0bd638ec-f3ee801f {"name":"projects/rental-site-38a42/locations/us-central1/operations/operation-1784001982931-6568a5478a3f8-0bd638ec-f3ee801f","metadata":{"@type":"type.googleapis.com/google.firebase.apphosting.v1beta.OperationMetadata","createTime":"2026-07-14T04:06:22.978317684Z","target":"projects/rental-site-38a42/locations/us-central1/backends/rental-site-backend/builds/build-2026-07-14-003","verb":"create","requestedCancellation":false,"apiVersion":"v1beta"},"done":false}
[debug] [2026-07-14T04:07:00.143Z] [create-rental-site-38a42-us-central1-backend-rental-site-backend-build-build-2026-07-14-003] Retrying task index 0
[debug] [2026-07-14T04:07:00.143Z] Checked if tokens are valid: true, expires at: 1784003739567
[debug] [2026-07-14T04:07:00.143Z] Checked if tokens are valid: true, expires at: 1784003739567
[debug] [2026-07-14T04:07:00.143Z] >>> [apiv2][query] GET https://firebaseapphosting.googleapis.com/v1beta/projects/rental-site-38a42/locations/us-central1/operations/operation-1784001982931-6568a5478a3f8-0bd638ec-f3ee801f [none]
[debug] [2026-07-14T04:07:00.270Z] <<< [apiv2][status] GET https://firebaseapphosting.googleapis.com/v1beta/projects/rental-site-38a42/locations/us-central1/operations/operation-1784001982931-6568a5478a3f8-0bd638ec-f3ee801f 200
[debug] [2026-07-14T04:07:00.271Z] <<< [apiv2][body] GET https://firebaseapphosting.googleapis.com/v1beta/projects/rental-site-38a42/locations/us-central1/operations/operation-1784001982931-6568a5478a3f8-0bd638ec-f3ee801f {"name":"projects/rental-site-38a42/locations/us-central1/operations/operation-1784001982931-6568a5478a3f8-0bd638ec-f3ee801f","metadata":{"@type":"type.googleapis.com/google.firebase.apphosting.v1beta.OperationMetadata","createTime":"2026-07-14T04:06:22.978317684Z","target":"projects/rental-site-38a42/locations/us-central1/backends/rental-site-backend/builds/build-2026-07-14-003","verb":"create","requestedCancellation":false,"apiVersion":"v1beta"},"done":false}
[debug] [2026-07-14T04:07:10.280Z] [create-rental-site-38a42-us-central1-backend-rental-site-backend-build-build-2026-07-14-003] Retrying task index 0
[debug] [2026-07-14T04:07:10.280Z] Checked if tokens are valid: true, expires at: 1784003739567
[debug] [2026-07-14T04:07:10.280Z] Checked if tokens are valid: true, expires at: 1784003739567
[debug] [2026-07-14T04:07:10.280Z] >>> [apiv2][query] GET https://firebaseapphosting.googleapis.com/v1beta/projects/rental-site-38a42/locations/us-central1/operations/operation-1784001982931-6568a5478a3f8-0bd638ec-f3ee801f [none]
[debug] [2026-07-14T04:07:10.414Z] <<< [apiv2][status] GET https://firebaseapphosting.googleapis.com/v1beta/projects/rental-site-38a42/locations/us-central1/operations/operation-1784001982931-6568a5478a3f8-0bd638ec-f3ee801f 200
[debug] [2026-07-14T04:07:10.414Z] <<< [apiv2][body] GET https://firebaseapphosting.googleapis.com/v1beta/projects/rental-site-38a42/locations/us-central1/operations/operation-1784001982931-6568a5478a3f8-0bd638ec-f3ee801f {"name":"projects/rental-site-38a42/locations/us-central1/operations/operation-1784001982931-6568a5478a3f8-0bd638ec-f3ee801f","metadata":{"@type":"type.googleapis.com/google.firebase.apphosting.v1beta.OperationMetadata","createTime":"2026-07-14T04:06:22.978317684Z","target":"projects/rental-site-38a42/locations/us-central1/backends/rental-site-backend/builds/build-2026-07-14-003","verb":"create","requestedCancellation":false,"apiVersion":"v1beta"},"done":false}
[debug] [2026-07-14T04:07:20.421Z] [create-rental-site-38a42-us-central1-backend-rental-site-backend-build-build-2026-07-14-003] Retrying task index 0
[debug] [2026-07-14T04:07:20.421Z] Checked if tokens are valid: true, expires at: 1784003739567
[debug] [2026-07-14T04:07:20.421Z] Checked if tokens are valid: true, expires at: 1784003739567
[debug] [2026-07-14T04:07:20.421Z] >>> [apiv2][query] GET https://firebaseapphosting.googleapis.com/v1beta/projects/rental-site-38a42/locations/us-central1/operations/operation-1784001982931-6568a5478a3f8-0bd638ec-f3ee801f [none]
[debug] [2026-07-14T04:07:20.530Z] <<< [apiv2][status] GET https://firebaseapphosting.googleapis.com/v1beta/projects/rental-site-38a42/locations/us-central1/operations/operation-1784001982931-6568a5478a3f8-0bd638ec-f3ee801f 200
[debug] [2026-07-14T04:07:20.530Z] <<< [apiv2][body] GET https://firebaseapphosting.googleapis.com/v1beta/projects/rental-site-38a42/locations/us-central1/operations/operation-1784001982931-6568a5478a3f8-0bd638ec-f3ee801f {"name":"projects/rental-site-38a42/locations/us-central1/operations/operation-1784001982931-6568a5478a3f8-0bd638ec-f3ee801f","metadata":{"@type":"type.googleapis.com/google.firebase.apphosting.v1beta.OperationMetadata","createTime":"2026-07-14T04:06:22.978317684Z","target":"projects/rental-site-38a42/locations/us-central1/backends/rental-site-backend/builds/build-2026-07-14-003","verb":"create","requestedCancellation":false,"apiVersion":"v1beta"},"done":false}
[debug] [2026-07-14T04:07:30.534Z] [create-rental-site-38a42-us-central1-backend-rental-site-backend-build-build-2026-07-14-003] Retrying task index 0
[debug] [2026-07-14T04:07:30.534Z] Checked if tokens are valid: true, expires at: 1784003739567
[debug] [2026-07-14T04:07:30.534Z] Checked if tokens are valid: true, expires at: 1784003739567
[debug] [2026-07-14T04:07:30.534Z] >>> [apiv2][query] GET https://firebaseapphosting.googleapis.com/v1beta/projects/rental-site-38a42/locations/us-central1/operations/operation-1784001982931-6568a5478a3f8-0bd638ec-f3ee801f [none]
[debug] [2026-07-14T04:07:30.658Z] <<< [apiv2][status] GET https://firebaseapphosting.googleapis.com/v1beta/projects/rental-site-38a42/locations/us-central1/operations/operation-1784001982931-6568a5478a3f8-0bd638ec-f3ee801f 200
[debug] [2026-07-14T04:07:30.658Z] <<< [apiv2][body] GET https://firebaseapphosting.googleapis.com/v1beta/projects/rental-site-38a42/locations/us-central1/operations/operation-1784001982931-6568a5478a3f8-0bd638ec-f3ee801f {"name":"projects/rental-site-38a42/locations/us-central1/operations/operation-1784001982931-6568a5478a3f8-0bd638ec-f3ee801f","metadata":{"@type":"type.googleapis.com/google.firebase.apphosting.v1beta.OperationMetadata","createTime":"2026-07-14T04:06:22.978317684Z","target":"projects/rental-site-38a42/locations/us-central1/backends/rental-site-backend/builds/build-2026-07-14-003","verb":"create","requestedCancellation":false,"apiVersion":"v1beta"},"done":false}
[debug] [2026-07-14T04:07:40.658Z] [create-rental-site-38a42-us-central1-backend-rental-site-backend-build-build-2026-07-14-003] Retrying task index 0
[debug] [2026-07-14T04:07:40.658Z] Checked if tokens are valid: true, expires at: 1784003739567
[debug] [2026-07-14T04:07:40.659Z] Checked if tokens are valid: true, expires at: 1784003739567
[debug] [2026-07-14T04:07:40.659Z] >>> [apiv2][query] GET https://firebaseapphosting.googleapis.com/v1beta/projects/rental-site-38a42/locations/us-central1/operations/operation-1784001982931-6568a5478a3f8-0bd638ec-f3ee801f [none]
[debug] [2026-07-14T04:07:40.765Z] <<< [apiv2][status] GET https://firebaseapphosting.googleapis.com/v1beta/projects/rental-site-38a42/locations/us-central1/operations/operation-1784001982931-6568a5478a3f8-0bd638ec-f3ee801f 200
[debug] [2026-07-14T04:07:40.765Z] <<< [apiv2][body] GET https://firebaseapphosting.googleapis.com/v1beta/projects/rental-site-38a42/locations/us-central1/operations/operation-1784001982931-6568a5478a3f8-0bd638ec-f3ee801f {"name":"projects/rental-site-38a42/locations/us-central1/operations/operation-1784001982931-6568a5478a3f8-0bd638ec-f3ee801f","metadata":{"@type":"type.googleapis.com/google.firebase.apphosting.v1beta.OperationMetadata","createTime":"2026-07-14T04:06:22.978317684Z","target":"projects/rental-site-38a42/locations/us-central1/backends/rental-site-backend/builds/build-2026-07-14-003","verb":"create","requestedCancellation":false,"apiVersion":"v1beta"},"done":false}
[debug] [2026-07-14T04:07:50.778Z] [create-rental-site-38a42-us-central1-backend-rental-site-backend-build-build-2026-07-14-003] Retrying task index 0
[debug] [2026-07-14T04:07:50.778Z] Checked if tokens are valid: true, expires at: 1784003739567
[debug] [2026-07-14T04:07:50.779Z] Checked if tokens are valid: true, expires at: 1784003739567
[debug] [2026-07-14T04:07:50.779Z] >>> [apiv2][query] GET https://firebaseapphosting.googleapis.com/v1beta/projects/rental-site-38a42/locations/us-central1/operations/operation-1784001982931-6568a5478a3f8-0bd638ec-f3ee801f [none]
[debug] [2026-07-14T04:07:50.875Z] <<< [apiv2][status] GET https://firebaseapphosting.googleapis.com/v1beta/projects/rental-site-38a42/locations/us-central1/operations/operation-1784001982931-6568a5478a3f8-0bd638ec-f3ee801f 200
[debug] [2026-07-14T04:07:50.875Z] <<< [apiv2][body] GET https://firebaseapphosting.googleapis.com/v1beta/projects/rental-site-38a42/locations/us-central1/operations/operation-1784001982931-6568a5478a3f8-0bd638ec-f3ee801f {"name":"projects/rental-site-38a42/locations/us-central1/operations/operation-1784001982931-6568a5478a3f8-0bd638ec-f3ee801f","metadata":{"@type":"type.googleapis.com/google.firebase.apphosting.v1beta.OperationMetadata","createTime":"2026-07-14T04:06:22.978317684Z","target":"projects/rental-site-38a42/locations/us-central1/backends/rental-site-backend/builds/build-2026-07-14-003","verb":"create","requestedCancellation":false,"apiVersion":"v1beta"},"done":false}
[debug] [2026-07-14T04:08:00.875Z] [create-rental-site-38a42-us-central1-backend-rental-site-backend-build-build-2026-07-14-003] Retrying task index 0
[debug] [2026-07-14T04:08:00.875Z] Checked if tokens are valid: true, expires at: 1784003739567
[debug] [2026-07-14T04:08:00.875Z] Checked if tokens are valid: true, expires at: 1784003739567
[debug] [2026-07-14T04:08:00.875Z] >>> [apiv2][query] GET https://firebaseapphosting.googleapis.com/v1beta/projects/rental-site-38a42/locations/us-central1/operations/operation-1784001982931-6568a5478a3f8-0bd638ec-f3ee801f [none]
[debug] [2026-07-14T04:08:00.971Z] <<< [apiv2][status] GET https://firebaseapphosting.googleapis.com/v1beta/projects/rental-site-38a42/locations/us-central1/operations/operation-1784001982931-6568a5478a3f8-0bd638ec-f3ee801f 200
[debug] [2026-07-14T04:08:00.971Z] <<< [apiv2][body] GET https://firebaseapphosting.googleapis.com/v1beta/projects/rental-site-38a42/locations/us-central1/operations/operation-1784001982931-6568a5478a3f8-0bd638ec-f3ee801f {"name":"projects/rental-site-38a42/locations/us-central1/operations/operation-1784001982931-6568a5478a3f8-0bd638ec-f3ee801f","metadata":{"@type":"type.googleapis.com/google.firebase.apphosting.v1beta.OperationMetadata","createTime":"2026-07-14T04:06:22.978317684Z","target":"projects/rental-site-38a42/locations/us-central1/backends/rental-site-backend/builds/build-2026-07-14-003","verb":"create","requestedCancellation":false,"apiVersion":"v1beta"},"done":false}
[debug] [2026-07-14T04:08:10.974Z] [create-rental-site-38a42-us-central1-backend-rental-site-backend-build-build-2026-07-14-003] Retrying task index 0
[debug] [2026-07-14T04:08:10.974Z] Checked if tokens are valid: true, expires at: 1784003739567
[debug] [2026-07-14T04:08:10.974Z] Checked if tokens are valid: true, expires at: 1784003739567
[debug] [2026-07-14T04:08:10.974Z] >>> [apiv2][query] GET https://firebaseapphosting.googleapis.com/v1beta/projects/rental-site-38a42/locations/us-central1/operations/operation-1784001982931-6568a5478a3f8-0bd638ec-f3ee801f [none]
[debug] [2026-07-14T04:08:11.088Z] <<< [apiv2][status] GET https://firebaseapphosting.googleapis.com/v1beta/projects/rental-site-38a42/locations/us-central1/operations/operation-1784001982931-6568a5478a3f8-0bd638ec-f3ee801f 200
[debug] [2026-07-14T04:08:11.088Z] <<< [apiv2][body] GET https://firebaseapphosting.googleapis.com/v1beta/projects/rental-site-38a42/locations/us-central1/operations/operation-1784001982931-6568a5478a3f8-0bd638ec-f3ee801f {"name":"projects/rental-site-38a42/locations/us-central1/operations/operation-1784001982931-6568a5478a3f8-0bd638ec-f3ee801f","metadata":{"@type":"type.googleapis.com/google.firebase.apphosting.v1beta.OperationMetadata","createTime":"2026-07-14T04:06:22.978317684Z","target":"projects/rental-site-38a42/locations/us-central1/backends/rental-site-backend/builds/build-2026-07-14-003","verb":"create","requestedCancellation":false,"apiVersion":"v1beta"},"done":false}
[debug] [2026-07-14T04:08:21.091Z] [create-rental-site-38a42-us-central1-backend-rental-site-backend-build-build-2026-07-14-003] Retrying task index 0
[debug] [2026-07-14T04:08:21.091Z] Checked if tokens are valid: true, expires at: 1784003739567
[debug] [2026-07-14T04:08:21.091Z] Checked if tokens are valid: true, expires at: 1784003739567
[debug] [2026-07-14T04:08:21.091Z] >>> [apiv2][query] GET https://firebaseapphosting.googleapis.com/v1beta/projects/rental-site-38a42/locations/us-central1/operations/operation-1784001982931-6568a5478a3f8-0bd638ec-f3ee801f [none]
[debug] [2026-07-14T04:08:21.200Z] <<< [apiv2][status] GET https://firebaseapphosting.googleapis.com/v1beta/projects/rental-site-38a42/locations/us-central1/operations/operation-1784001982931-6568a5478a3f8-0bd638ec-f3ee801f 200
[debug] [2026-07-14T04:08:21.200Z] <<< [apiv2][body] GET https://firebaseapphosting.googleapis.com/v1beta/projects/rental-site-38a42/locations/us-central1/operations/operation-1784001982931-6568a5478a3f8-0bd638ec-f3ee801f {"name":"projects/rental-site-38a42/locations/us-central1/operations/operation-1784001982931-6568a5478a3f8-0bd638ec-f3ee801f","metadata":{"@type":"type.googleapis.com/google.firebase.apphosting.v1beta.OperationMetadata","createTime":"2026-07-14T04:06:22.978317684Z","target":"projects/rental-site-38a42/locations/us-central1/backends/rental-site-backend/builds/build-2026-07-14-003","verb":"create","requestedCancellation":false,"apiVersion":"v1beta"},"done":false}
[debug] [2026-07-14T04:08:31.205Z] [create-rental-site-38a42-us-central1-backend-rental-site-backend-build-build-2026-07-14-003] Retrying task index 0
[debug] [2026-07-14T04:08:31.206Z] Checked if tokens are valid: true, expires at: 1784003739567
[debug] [2026-07-14T04:08:31.206Z] Checked if tokens are valid: true, expires at: 1784003739567
[debug] [2026-07-14T04:08:31.206Z] >>> [apiv2][query] GET https://firebaseapphosting.googleapis.com/v1beta/projects/rental-site-38a42/locations/us-central1/operations/operation-1784001982931-6568a5478a3f8-0bd638ec-f3ee801f [none]
[debug] [2026-07-14T04:08:31.380Z] <<< [apiv2][status] GET https://firebaseapphosting.googleapis.com/v1beta/projects/rental-site-38a42/locations/us-central1/operations/operation-1784001982931-6568a5478a3f8-0bd638ec-f3ee801f 200
[debug] [2026-07-14T04:08:31.380Z] <<< [apiv2][body] GET https://firebaseapphosting.googleapis.com/v1beta/projects/rental-site-38a42/locations/us-central1/operations/operation-1784001982931-6568a5478a3f8-0bd638ec-f3ee801f {"name":"projects/rental-site-38a42/locations/us-central1/operations/operation-1784001982931-6568a5478a3f8-0bd638ec-f3ee801f","metadata":{"@type":"type.googleapis.com/google.firebase.apphosting.v1beta.OperationMetadata","createTime":"2026-07-14T04:06:22.978317684Z","target":"projects/rental-site-38a42/locations/us-central1/backends/rental-site-backend/builds/build-2026-07-14-003","verb":"create","requestedCancellation":false,"apiVersion":"v1beta"},"done":false}
[debug] [2026-07-14T04:08:41.385Z] [create-rental-site-38a42-us-central1-backend-rental-site-backend-build-build-2026-07-14-003] Retrying task index 0
[debug] [2026-07-14T04:08:41.386Z] Checked if tokens are valid: true, expires at: 1784003739567
[debug] [2026-07-14T04:08:41.386Z] Checked if tokens are valid: true, expires at: 1784003739567
[debug] [2026-07-14T04:08:41.386Z] >>> [apiv2][query] GET https://firebaseapphosting.googleapis.com/v1beta/projects/rental-site-38a42/locations/us-central1/operations/operation-1784001982931-6568a5478a3f8-0bd638ec-f3ee801f [none]
[debug] [2026-07-14T04:08:41.594Z] <<< [apiv2][status] GET https://firebaseapphosting.googleapis.com/v1beta/projects/rental-site-38a42/locations/us-central1/operations/operation-1784001982931-6568a5478a3f8-0bd638ec-f3ee801f 200
[debug] [2026-07-14T04:08:41.594Z] <<< [apiv2][body] GET https://firebaseapphosting.googleapis.com/v1beta/projects/rental-site-38a42/locations/us-central1/operations/operation-1784001982931-6568a5478a3f8-0bd638ec-f3ee801f {"name":"projects/rental-site-38a42/locations/us-central1/operations/operation-1784001982931-6568a5478a3f8-0bd638ec-f3ee801f","metadata":{"@type":"type.googleapis.com/google.firebase.apphosting.v1beta.OperationMetadata","createTime":"2026-07-14T04:06:22.978317684Z","target":"projects/rental-site-38a42/locations/us-central1/backends/rental-site-backend/builds/build-2026-07-14-003","verb":"create","requestedCancellation":false,"apiVersion":"v1beta"},"done":false}
[debug] [2026-07-14T04:08:51.606Z] [create-rental-site-38a42-us-central1-backend-rental-site-backend-build-build-2026-07-14-003] Retrying task index 0
[debug] [2026-07-14T04:08:51.607Z] Checked if tokens are valid: true, expires at: 1784003739567
[debug] [2026-07-14T04:08:51.607Z] Checked if tokens are valid: true, expires at: 1784003739567
[debug] [2026-07-14T04:08:51.607Z] >>> [apiv2][query] GET https://firebaseapphosting.googleapis.com/v1beta/projects/rental-site-38a42/locations/us-central1/operations/operation-1784001982931-6568a5478a3f8-0bd638ec-f3ee801f [none]
[debug] [2026-07-14T04:08:51.746Z] <<< [apiv2][status] GET https://firebaseapphosting.googleapis.com/v1beta/projects/rental-site-38a42/locations/us-central1/operations/operation-1784001982931-6568a5478a3f8-0bd638ec-f3ee801f 200
[debug] [2026-07-14T04:08:51.746Z] <<< [apiv2][body] GET https://firebaseapphosting.googleapis.com/v1beta/projects/rental-site-38a42/locations/us-central1/operations/operation-1784001982931-6568a5478a3f8-0bd638ec-f3ee801f {"name":"projects/rental-site-38a42/locations/us-central1/operations/operation-1784001982931-6568a5478a3f8-0bd638ec-f3ee801f","metadata":{"@type":"type.googleapis.com/google.firebase.apphosting.v1beta.OperationMetadata","createTime":"2026-07-14T04:06:22.978317684Z","target":"projects/rental-site-38a42/locations/us-central1/backends/rental-site-backend/builds/build-2026-07-14-003","verb":"create","requestedCancellation":false,"apiVersion":"v1beta"},"done":false}
[debug] [2026-07-14T04:09:01.747Z] [create-rental-site-38a42-us-central1-backend-rental-site-backend-build-build-2026-07-14-003] Retrying task index 0
[debug] [2026-07-14T04:09:01.748Z] Checked if tokens are valid: true, expires at: 1784003739567
[debug] [2026-07-14T04:09:01.748Z] Checked if tokens are valid: true, expires at: 1784003739567
[debug] [2026-07-14T04:09:01.748Z] >>> [apiv2][query] GET https://firebaseapphosting.googleapis.com/v1beta/projects/rental-site-38a42/locations/us-central1/operations/operation-1784001982931-6568a5478a3f8-0bd638ec-f3ee801f [none]
[debug] [2026-07-14T04:09:01.858Z] <<< [apiv2][status] GET https://firebaseapphosting.googleapis.com/v1beta/projects/rental-site-38a42/locations/us-central1/operations/operation-1784001982931-6568a5478a3f8-0bd638ec-f3ee801f 200
[debug] [2026-07-14T04:09:01.858Z] <<< [apiv2][body] GET https://firebaseapphosting.googleapis.com/v1beta/projects/rental-site-38a42/locations/us-central1/operations/operation-1784001982931-6568a5478a3f8-0bd638ec-f3ee801f {"name":"projects/rental-site-38a42/locations/us-central1/operations/operation-1784001982931-6568a5478a3f8-0bd638ec-f3ee801f","metadata":{"@type":"type.googleapis.com/google.firebase.apphosting.v1beta.OperationMetadata","createTime":"2026-07-14T04:06:22.978317684Z","target":"projects/rental-site-38a42/locations/us-central1/backends/rental-site-backend/builds/build-2026-07-14-003","verb":"create","requestedCancellation":false,"apiVersion":"v1beta"},"done":false}
